  Compiling CUDA source file add.cu...
  
  D:\Documents\CUDA\nArrayAddThrust>"D:\CUDA\bin\nvcc.exe" -gencode=arch=compute_60,code=\"sm_80,compute_60\" --use-local-env -ccbin "D:\Visual Studio\VC\Tools\MSVC\14.39.33218\bin\HostX64\x64" -x cu -rdc=true  -ID:\CUDA\include -ID:\CUDA\include  -G   --keep-dir nArrayAddThrust\x64\Debug  -maxrregcount=0  --machine 64 --compile -cudart static -Xptxas -dlcm=ca -g  -DWIN32 -DWIN64 -D_DEBUG -D_CONSOLE -D_MBCS -Xcompiler "/EHsc /W3 /nologo /Od /FdnArrayAddThrust\x64\Debug\vc143.pdb /FS /Zi /RTC1 /MDd " -o D:\Documents\CUDA\nArrayAddThrust\nArrayAddThrust\x64\Debug\add.cu.obj "D:\Documents\CUDA\nArrayAddThrust\add.cu" 
D:\Documents\CUDA\nArrayAddThrust\add.cu(30): warning #177-D: variable "bytesCount" was declared but never referenced
  
  add.cu
D:\Documents\CUDA\nArrayAddThrust\add.cu(29): warning C4244: “初始化”: 从“pybind11::ssize_t”转换到“int”，可能丢失数据
  
  D:\Documents\CUDA\nArrayAddThrust>"D:\CUDA\bin\nvcc.exe" -dlink -o nArrayAddThrust\x64\Debug\nArrayAddThrust.device-link.obj -Xcompiler "/EHsc /W3 /nologo /Od /FdnArrayAddThrust\x64\Debug\vc143.pdb /Zi /RTC1 /MDd " -LD:\CUDA\bin/crt -LD:\CUDA\bin -LD:\CUDA\lib\x64 cudart_static.lib kernel32.lib user32.lib gdi32.lib winspool.lib comdlg32.lib advapi32.lib shell32.lib ole32.lib oleaut32.lib uuid.lib odbc32.lib odbccp32.lib cudart.lib cudadevrt.lib  -gencode=arch=compute_60,code=sm_80 -G --machine 64 D:\Documents\CUDA\nArrayAddThrust\nArrayAddThrust\x64\Debug\add.cu.obj D:\Documents\CUDA\nArrayAddThrust\nArrayAddThrust\x64\Debug\common.cu.obj 
  cudart_static.lib
  kernel32.lib
  user32.lib
  gdi32.lib
  winspool.lib
  comdlg32.lib
  advapi32.lib
  shell32.lib
  ole32.lib
  oleaut32.lib
  uuid.lib
  odbc32.lib
  odbccp32.lib
  cudart.lib
  cudadevrt.lib
  add.cu.obj
  common.cu.obj
    正在创建库 D:\Documents\CUDA\nArrayAddThrust\x64\Debug\nArrayAddThrust.lib 和对象 D:\Documents\CUDA\nArrayAddThrust\x64\Debug\nArrayAddThrust.exp
  nArrayAddThrust.vcxproj -> D:\Documents\CUDA\nArrayAddThrust\x64\Debug\nArrayAddThrust.dll
