d:\documents\cuda\crypt\crypt\x64\debug\common.cu.obj
d:\documents\cuda\crypt\crypt\x64\debug\crypt.overlap.cu.obj
d:\documents\cuda\crypt\x64\debug\crypt.exe
d:\documents\cuda\crypt\x64\debug\crypt.pdb
d:\documents\cuda\crypt\x64\debug\crypt.lib
d:\documents\cuda\crypt\x64\debug\crypt.exp
d:\documents\cuda\crypt\crypt\x64\debug\crypt.ilk
d:\documents\cuda\crypt\crypt\x64\debug\common.cu.cache
d:\documents\cuda\crypt\crypt\x64\debug\crypt.overlap.cu.cache
d:\documents\cuda\crypt\crypt\x64\debug\crypt.parallelized.cu.cache
d:\documents\cuda\crypt\crypt\x64\debug\crypt.parallelized.cu.obj
d:\documents\cuda\crypt\crypt\x64\debug\generate_data.obj
d:\documents\cuda\crypt\crypt\x64\debug\generate_userkey.obj
d:\documents\cuda\crypt\crypt\x64\debug\vc143.idb
d:\documents\cuda\crypt\crypt\x64\debug\vc143.pdb
d:\documents\cuda\crypt\crypt\x64\debug\crypt.tlog\cl.command.1.tlog
d:\documents\cuda\crypt\crypt\x64\debug\crypt.tlog\cudacompile.read.1u.tlog
d:\documents\cuda\crypt\crypt\x64\debug\crypt.tlog\cudacompile.write.1u.tlog
d:\documents\cuda\crypt\crypt\x64\debug\crypt.tlog\link.command.1.tlog
d:\documents\cuda\crypt\crypt\x64\debug\crypt.tlog\link.read.1.tlog
d:\documents\cuda\crypt\crypt\x64\debug\crypt.tlog\link.secondary.1.tlog
d:\documents\cuda\crypt\crypt\x64\debug\crypt.tlog\link.write.1.tlog
